<persistence>
    <persistence-unit name="pUnit">
        <jta-data-source>${test-database.jndi}</jta-data-source>

        <properties>
            <property name="javax.persistence.schema-generation.database.action"
                      value="${test-database.generation}"/>
        </properties>
    </persistence-unit>
</persistence>