<persistence>
    <persistence-unit name="pUnit">
        <jta-data-source>java:jboss/datasources/ExampleDS</jta-data-source>

        <properties>
            <property name="javax.persistence.schema-generation.database.action"
                      value="drop-and-create"/>
        </properties>
    </persistence-unit>
</persistence>